# JRE version: Java(TM) SE Runtime Environment (14.0.2+12) (build 14.0.2+12-46)
# Java VM: Java HotSpot(TM) 64-Bit Server VM (14.0.2+12-46, mixed mode, sharing, tiered, compressed oops, g1 gc, windows-amd64)
Heap:
 garbage-first heap   total 262144K, used 55945K [0x0000000701e00000, 0x0000000800000000)
  region size 1024K, 57 young (58368K), 4 survivors (4096K)
 Metaspace       used 2943K, capacity 6004K, committed 6144K, reserved 1056768K
  class space    used 171K, capacity 495K, committed 512K, reserved 1048576K
GC Heap History (8 events):
Event: 1.690 GC heap before
{Heap before GC invocations=0 (full 0):
 garbage-first heap   total 262144K, used 22528K [0x0000000701e00000, 0x0000000800000000)
  region size 1024K, 23 young (23552K), 0 survivors (0K)
 Metaspace       used 2697K, capacity 5876K, committed 6144K, reserved 1056768K
  class space    used 170K, capacity 495K, committed 512K, reserved 1048576K
}
Event: 1.692 GC heap after
{Heap after GC invocations=1 (full 0):
 garbage-first heap   total 262144K, used 2341K [0x0000000701e00000, 0x0000000800000000)
  region size 1024K, 3 young (3072K), 3 survivors (3072K)
 Metaspace       used 2697K, capacity 5876K, committed 6144K, reserved 1056768K
  class space    used 170K, capacity 495K, committed 512K, reserved 1048576K
}
Event: 3.710 GC heap before
{Heap before GC invocations=1 (full 0):
 garbage-first heap   total 262144K, used 35109K [0x0000000701e00000, 0x0000000800000000)
  region size 1024K, 36 young (36864K), 3 survivors (3072K)
 Metaspace       used 2770K, capacity 5876K, committed 6144K, reserved 1056768K
  class space    used 170K, capacity 495K, committed 512K, reserved 1048576K
}
Event: 3.712 GC heap after
{Heap after GC invocations=2 (full 0):
 garbage-first heap   total 262144K, used 2626K [0x0000000701e00000, 0x0000000800000000)
  region size 1024K, 3 young (3072K), 3 survivors (3072K)
 Metaspace       used 2770K, capacity 5876K, committed 6144K, reserved 1056768K
  class space    used 170K, capacity 495K, committed 512K, reserved 1048576K
}
Event: 12.312 GC heap before
{Heap before GC invocations=2 (full 0):
 garbage-first heap   total 262144K, used 155202K [0x0000000701e00000, 0x0000000800000000)
  region size 1024K, 153 young (156672K), 3 survivors (3072K)
 Metaspace       used 2913K, capacity 6004K, committed 6144K, reserved 1056768K
  class space    used 170K, capacity 495K, committed 512K, reserved 1048576K
}
Event: 12.317 GC heap after
{Heap after GC invocations=3 (full 0):
 garbage-first heap   total 262144K, used 3510K [0x0000000701e00000, 0x0000000800000000)
  region size 1024K, 4 young (4096K), 4 survivors (4096K)
 Metaspace       used 2913K, capacity 6004K, committed 6144K, reserved 1056768K
  class space    used 170K, capacity 495K, committed 512K, reserved 1048576K
}
Event: 21.417 GC heap before
{Heap before GC invocations=3 (full 0):
 garbage-first heap   total 262144K, used 155062K [0x0000000701e00000, 0x0000000800000000)
  region size 1024K, 153 young (156672K), 4 survivors (4096K)
 Metaspace       used 2929K, capacity 6004K, committed 6144K, reserved 1056768K
  class space    used 170K, capacity 495K, committed 512K, reserved 1048576K
}
Event: 21.423 GC heap after
{Heap after GC invocations=4 (full 0):
 garbage-first heap   total 262144K, used 3721K [0x0000000701e00000, 0x0000000800000000)
  region size 1024K, 4 young (4096K), 4 survivors (4096K)
 Metaspace       used 2929K, capacity 6004K, committed 6144K, reserved 1056768K
  class space    used 170K, capacity 495K, committed 512K, reserved 1048576K
}

